[2019-08-20 01:27:15.663] [jointLog] [info] Fragment incompatibility prior below threshold.  Incompatible fragments will be ignored.
[2019-08-20 01:27:15.663] [jointLog] [info] Usage of --validateMappings implies use of minScoreFraction. Since not explicitly specified, it is being set to 0.65
[2019-08-20 01:27:15.663] [jointLog] [info] Usage of --validateMappings, without --hardFilter implies use of range factorization. rangeFactorizationBins is being set to 4
[2019-08-20 01:27:15.663] [jointLog] [info] Usage of --validateMappings implies a default consensus slack of 0.2. Setting consensusSlack to 0.2.
[2019-08-20 01:27:15.663] [jointLog] [info] parsing read library format
[2019-08-20 01:27:15.663] [jointLog] [info] There is 1 library.
[2019-08-20 01:27:15.728] [jointLog] [info] Loading Quasi index
[2019-08-20 01:27:15.728] [jointLog] [info] Loading 32-bit quasi index
[2019-08-20 01:27:15.729] [jointLog] [info] done
[2019-08-20 01:27:15.730] [jointLog] [info] Index contained 2 targets
[2019-08-20 01:27:55.076] [fileLog] [info] 
At end of round 0
==================
Observed 35596019 total fragments (35596019 in most recent round)

[2019-08-20 01:27:55.075] [jointLog] [info] Computed 1 rich equivalence classes for further processing
[2019-08-20 01:27:55.075] [jointLog] [info] Counted 56 total reads in the equivalence classes 
[2019-08-20 01:27:55.093] [jointLog] [info] Number of mappings discarded because of alignment score : 53
[2019-08-20 01:27:55.093] [jointLog] [info] Number of fragments entirely discarded because of alignment score : 35,595,963
[2019-08-20 01:27:55.093] [jointLog] [info] Number of fragments discarded because they are best-mapped to decoys : 0
[2019-08-20 01:27:55.093] [jointLog] [info] Number of fragments discarded because they have only dovetail (discordant) mappings : 0
[2019-08-20 01:27:55.094] [jointLog] [warning] Only 56 fragments were mapped, but the number of burn-in fragments was set to 5000000.
The effective lengths have been computed using the observed mappings.

[2019-08-20 01:27:55.094] [jointLog] [info] Mapping rate = 0.000157321%

[2019-08-20 01:27:55.094] [jointLog] [info] finished quantifyLibrary()
[2019-08-20 01:27:55.096] [jointLog] [info] Starting optimizer
[2019-08-20 01:27:55.097] [jointLog] [info] Marked 0 weighted equivalence classes as degenerate
[2019-08-20 01:27:55.097] [jointLog] [info] iteration = 0 | max rel diff. = 5.07531e-16
[2019-08-20 01:27:55.097] [jointLog] [info] iteration = 100 | max rel diff. = 0
[2019-08-20 01:27:55.097] [jointLog] [info] Finished optimizer
[2019-08-20 01:27:55.097] [jointLog] [info] writing output 

[2019-08-20 01:27:55.099] [jointLog] [warning] NOTE: Read Lib [[ /data/home/students/ciora//data/mouse_brain_GSE100265/fastq/mRNA_SRP096017/SRR5144113_1.fastq ]] :

Detected a *potential* strand bias > 1% in an unstranded protocol check the file: /data/home/students/ciora/methods/salmon/sanity_check/output//SRR5144113_1/lib_format_counts.json for details

