[2019-08-20 01:27:56.166] [jointLog] [info] Fragment incompatibility prior below threshold.  Incompatible fragments will be ignored.
[2019-08-20 01:27:56.166] [jointLog] [info] Usage of --validateMappings implies use of minScoreFraction. Since not explicitly specified, it is being set to 0.65
[2019-08-20 01:27:56.166] [jointLog] [info] Usage of --validateMappings, without --hardFilter implies use of range factorization. rangeFactorizationBins is being set to 4
[2019-08-20 01:27:56.166] [jointLog] [info] Usage of --validateMappings implies a default consensus slack of 0.2. Setting consensusSlack to 0.2.
[2019-08-20 01:27:56.166] [jointLog] [info] parsing read library format
[2019-08-20 01:27:56.166] [jointLog] [info] There is 1 library.
[2019-08-20 01:27:56.229] [jointLog] [info] Loading Quasi index
[2019-08-20 01:27:56.229] [jointLog] [info] Loading 32-bit quasi index
[2019-08-20 01:27:56.230] [jointLog] [info] done
[2019-08-20 01:27:56.230] [jointLog] [info] Index contained 2 targets
[2019-08-20 01:28:25.962] [fileLog] [info] 
At end of round 0
==================
Observed 29270589 total fragments (29270589 in most recent round)

[2019-08-20 01:28:25.961] [jointLog] [info] Computed 1 rich equivalence classes for further processing
[2019-08-20 01:28:25.961] [jointLog] [info] Counted 175 total reads in the equivalence classes 
[2019-08-20 01:28:25.981] [jointLog] [info] Number of mappings discarded because of alignment score : 173
[2019-08-20 01:28:25.981] [jointLog] [info] Number of fragments entirely discarded because of alignment score : 29,270,414
[2019-08-20 01:28:25.981] [jointLog] [info] Number of fragments discarded because they are best-mapped to decoys : 4
[2019-08-20 01:28:25.981] [jointLog] [info] Number of fragments discarded because they have only dovetail (discordant) mappings : 0
[2019-08-20 01:28:25.981] [jointLog] [warning] Only 175 fragments were mapped, but the number of burn-in fragments was set to 5000000.
The effective lengths have been computed using the observed mappings.

[2019-08-20 01:28:25.981] [jointLog] [info] Mapping rate = 0.00059787%

[2019-08-20 01:28:25.981] [jointLog] [info] finished quantifyLibrary()
[2019-08-20 01:28:25.983] [jointLog] [info] Starting optimizer
[2019-08-20 01:28:25.985] [jointLog] [info] Marked 0 weighted equivalence classes as degenerate
[2019-08-20 01:28:25.985] [jointLog] [info] iteration = 0 | max rel diff. = 3.2482e-16
[2019-08-20 01:28:25.985] [jointLog] [info] iteration = 100 | max rel diff. = 0
[2019-08-20 01:28:25.985] [jointLog] [info] Finished optimizer
[2019-08-20 01:28:25.985] [jointLog] [info] writing output 

[2019-08-20 01:28:25.986] [jointLog] [warning] NOTE: Read Lib [[ /data/home/students/ciora//data/mouse_brain_GSE100265/fastq/mRNA_SRP096017/SRR5144115_1.fastq ]] :

Detected a *potential* strand bias > 1% in an unstranded protocol check the file: /data/home/students/ciora/methods/salmon/sanity_check/output//SRR5144115_1/lib_format_counts.json for details

